<?xml version="1.0" encoding="UTF-8"?>
<testsuite name="counterTest" tests="1" skipped="0" failures="0" errors="0" timestamp="2015-05-01T12:06:47" hostname="MCR-AL30624.local" time="0.0020">
  <properties/>
  <testcase name="testSomeLibraryMethod" classname="counterTest" time="0.0020"/>
  <system-out><![CDATA[]]></system-out>
  <system-err><![CDATA[]]></system-err>
</testsuite>
